0:00:00.020480069 [336m219221[00m     0x40beaef0 [36mINFO   [00m [00m                 DSL src/DslServices.cpp:137:GetServices:[00m  : Services Initialization
0:00:00.020693577 [336m219221[00m     0x40beaef0 [36mINFO   [00m [00m                 DSL src/DslServicesInfo.cpp:58:InfoInitDebugSettings:[00m  : Pre-start log level  = 1,DSL:4
0:00:00.020711753 [336m219221[00m     0x40beaef0 [36mINFO   [00m [00m                 DSL src/DslServicesInfo.cpp:59:InfoInitDebugSettings:[00m  : Pre-start Log file  = ./new_streammux.log
0:00:00.020725993 [336m219221[00m     0x40beaef0 [33;01mWARN   [00m [00m                 DSL src/DslServices.cpp:194:Services:[00m  : USE_NEW_NVSTREAMMUX is set to yes - enabling new Streammux Services
0:00:00.021405621 [336m219221[00m     0x40beaef0 [36mINFO   [00m [00m                 DSL src/DslServices.cpp:155:GetServices:[00m  : DSL Version: v0.28.alpha.dev
0:00:00.022946096 [336m219221[00m     0x40beaef0 [36mINFO   [00m [00m                 DSL src/DslServices.cpp:166:GetServices:[00m  : Libcurl Initialized Successfully
0:00:00.022968752 [336m219221[00m     0x40beaef0 [36mINFO   [00m [00m                 DSL src/DslServices.cpp:167:GetServices:[00m  : Version: 7.68.0
0:00:00.022982257 [336m219221[00m     0x40beaef0 [36mINFO   [00m [00m                 DSL src/DslServices.cpp:168:GetServices:[00m  : Host: aarch64-unknown-linux-gnu
0:00:00.022996401 [336m219221[00m     0x40beaef0 [36mINFO   [00m [00m                 DSL src/DslServices.cpp:169:GetServices:[00m  : Features: 12568477
0:00:00.023005073 [336m219221[00m     0x40beaef0 [36mINFO   [00m [00m                 DSL src/DslServices.cpp:170:GetServices:[00m  : SSL Version: OpenSSL/1.1.1f
0:00:00.023012401 [336m219221[00m     0x40beaef0 [36mINFO   [00m [00m                 DSL src/DslServices.cpp:171:GetServices:[00m  : Libz Version: 1.2.11
0:00:00.023021777 [336m219221[00m     0x40beaef0 [36mINFO   [00m [00m                 DSL src/DslServices.cpp:172:GetServices:[00m  : Protocols: 0xffff9487f378
0:00:00.042754537 [336m219221[00m     0x40beaef0 [36mINFO   [00m [00m                 DSL src/DslCaps.h:71:DslCaps:[00m  : Creating new cap from string = ' video/x-raw(memory:NVMM),format=(string)NV12'
0:00:00.044274628 [336m219221[00m     0x40beaef0 [36mINFO   [00m [00m                 DSL src/DslSourceBintr.cpp:1932:SetFileUri:[00m  : File Path = file:/opt/nvidia/deepstream/deepstream-6.3/samples/streams/sample_1080p_h265.mp4
0:00:00.044311108 [336m219221[00m     0x40beaef0 [33;01mWARN   [00m [00m                 DSL src/DslSourceBintr.cpp:1950:SetFileUri:[00m  : Unable to determine video frame-rate and dimensions for URI Source = 'source-1' Extended AV File Services are disabled in the Makefile
0:00:00.044336101 [336m219221[00m     0x40beaef0 [36mINFO   [00m [00m                 DSL src/DslSourceBintr.cpp:1899:SetUri:[00m  : URI Path for File Source 'source-1' = file:/opt/nvidia/deepstream/deepstream-6.3/samples/streams/sample_1080p_h265.mp4
0:00:00.044383205 [336m219221[00m     0x40beaef0 [36mINFO   [00m [00m                 DSL src/DslSourceBintr.cpp:1847:UriSourceBintr:[00m  : 
0:00:00.044396934 [336m219221[00m     0x40beaef0 [36mINFO   [00m [00m                 DSL src/DslSourceBintr.cpp:1848:UriSourceBintr:[00m  : Initial property values for UriSourceBintr 'source-1'
0:00:00.044406022 [336m219221[00m     0x40beaef0 [36mINFO   [00m [00m                 DSL src/DslSourceBintr.cpp:1849:UriSourceBintr:[00m  :   uri                 : file:/opt/nvidia/deepstream/deepstream-6.3/samples/streams/sample_1080p_h265.mp4
0:00:00.044416582 [336m219221[00m     0x40beaef0 [36mINFO   [00m [00m                 DSL src/DslSourceBintr.cpp:1850:UriSourceBintr:[00m  :   is-live             : 0
0:00:00.044425926 [336m219221[00m     0x40beaef0 [36mINFO   [00m [00m                 DSL src/DslSourceBintr.cpp:1851:UriSourceBintr:[00m  :   skip-frames         : 0
0:00:00.044434086 [336m219221[00m     0x40beaef0 [36mINFO   [00m [00m                 DSL src/DslSourceBintr.cpp:1852:UriSourceBintr:[00m  :   drop-frame-interval : 0
0:00:00.044472199 [336m219221[00m     0x40beaef0 [36mINFO   [00m [00m                 DSL src/DslSourceBintr.cpp:1853:UriSourceBintr:[00m  :   width               : 0
0:00:00.044482087 [336m219221[00m     0x40beaef0 [36mINFO   [00m [00m                 DSL src/DslSourceBintr.cpp:1854:UriSourceBintr:[00m  :   height              : 0
0:00:00.044490087 [336m219221[00m     0x40beaef0 [36mINFO   [00m [00m                 DSL src/DslSourceBintr.cpp:1855:UriSourceBintr:[00m  :   fps-n               : 0
0:00:00.044498503 [336m219221[00m     0x40beaef0 [36mINFO   [00m [00m                 DSL src/DslSourceBintr.cpp:1856:UriSourceBintr:[00m  :   fps-d               : 0
0:00:00.044506408 [336m219221[00m     0x40beaef0 [36mINFO   [00m [00m                 DSL src/DslSourceBintr.cpp:1857:UriSourceBintr:[00m  :   media-out           : video/x-raw(memory:NVMM)
0:00:00.044514312 [336m219221[00m     0x40beaef0 [36mINFO   [00m [00m                 DSL src/DslSourceBintr.cpp:1858:UriSourceBintr:[00m  :   buffer-out          : 
0:00:00.044521864 [336m219221[00m     0x40beaef0 [36mINFO   [00m [00m                 DSL src/DslSourceBintr.cpp:1859:UriSourceBintr:[00m  :     format            : NV12
0:00:00.044529672 [336m219221[00m     0x40beaef0 [36mINFO   [00m [00m                 DSL src/DslSourceBintr.cpp:1860:UriSourceBintr:[00m  :     width             : 0
0:00:00.044537224 [336m219221[00m     0x40beaef0 [36mINFO   [00m [00m                 DSL src/DslSourceBintr.cpp:1861:UriSourceBintr:[00m  :     height            : 0
0:00:00.044545064 [336m219221[00m     0x40beaef0 [36mINFO   [00m [00m                 DSL src/DslSourceBintr.cpp:1862:UriSourceBintr:[00m  :     fps-n             : 0
0:00:00.044552552 [336m219221[00m     0x40beaef0 [36mINFO   [00m [00m                 DSL src/DslSourceBintr.cpp:1863:UriSourceBintr:[00m  :     fps-d             : 0
0:00:00.044559913 [336m219221[00m     0x40beaef0 [36mINFO   [00m [00m                 DSL src/DslSourceBintr.cpp:1864:UriSourceBintr:[00m  :     crop-pre-conv     : 0:0:0:0
0:00:00.044567625 [336m219221[00m     0x40beaef0 [36mINFO   [00m [00m                 DSL src/DslSourceBintr.cpp:1865:UriSourceBintr:[00m  :     crop-post-conv    : 0:0:0:0
0:00:00.044575177 [336m219221[00m     0x40beaef0 [36mINFO   [00m [00m                 DSL src/DslSourceBintr.cpp:1866:UriSourceBintr:[00m  :     orientation       : 0
0:00:00.044680043 [336m219221[00m     0x40beaef0 [36mINFO   [00m [00m                 DSL src/DslServicesSource.cpp:813:SourceUriNew:[00m  : New URI Source 'source-1' created successfully
0:00:00.093187608 [336m219221[00m     0x40beaef0 [36mINFO   [00m [00m                 DSL src/DslInferBintr.cpp:99:InferBintr:[00m  : 
0:00:00.093249561 [336m219221[00m     0x40beaef0 [36mINFO   [00m [00m                 DSL src/DslInferBintr.cpp:100:InferBintr:[00m  : Initial property values for InferBintr 'primary-gie'
0:00:00.093268025 [336m219221[00m     0x40beaef0 [36mINFO   [00m [00m                 DSL src/DslInferBintr.cpp:101:InferBintr:[00m  :   Inference Type    : nvinfer
0:00:00.093279481 [336m219221[00m     0x40beaef0 [36mINFO   [00m [00m                 DSL src/DslInferBintr.cpp:102:InferBintr:[00m  :   config-file-path  : /opt/nvidia/deepstream/deepstream/samples/configs/deepstream-app/config_infer_primary.txt
0:00:00.093288345 [336m219221[00m     0x40beaef0 [36mINFO   [00m [00m                 DSL src/DslInferBintr.cpp:103:InferBintr:[00m  :   process-mode      : 1
0:00:00.093296122 [336m219221[00m     0x40beaef0 [36mINFO   [00m [00m                 DSL src/DslInferBintr.cpp:104:InferBintr:[00m  :   unique-id         : 1
0:00:00.093303738 [336m219221[00m     0x40beaef0 [36mINFO   [00m [00m                 DSL src/DslInferBintr.cpp:105:InferBintr:[00m  :   interval          : 0
0:00:00.093311866 [336m219221[00m     0x40beaef0 [36mINFO   [00m [00m                 DSL src/DslInferBintr.cpp:106:InferBintr:[00m  :   model-engine-file : /opt/nvidia/deepstream/deepstream/samples/models/Primary_Detector/resnet10.caffemodel_b8_gpu0_int8.engine
0:00:00.093885924 [336m219221[00m     0x40beaef0 [36mINFO   [00m [00m                 DSL src/DslServicesInfer.cpp:70:InferPrimaryGieNew:[00m  : New Primary GIE 'primary-gie' created successfully
0:00:00.094026214 [336m219221[00m     0x40beaef0 [36mINFO   [00m [00m                 DSL src/DslServicesTracker.cpp:51:TrackerNew:[00m  : Tracker config file: /opt/nvidia/deepstream/deepstream/samples/configs/deepstream-app/config_tracker_IOU.yml
0:00:00.095398046 [336m219221[00m     0x40beaef0 [36mINFO   [00m [00m                 DSL src/DslTrackerBintr.cpp:62:TrackerBintr:[00m  : 
0:00:00.095422143 [336m219221[00m     0x40beaef0 [36mINFO   [00m [00m                 DSL src/DslTrackerBintr.cpp:63:TrackerBintr:[00m  : Initial property values for TrackerBintr 'iou-tracker'
0:00:00.095434431 [336m219221[00m     0x40beaef0 [36mINFO   [00m [00m                 DSL src/DslTrackerBintr.cpp:64:TrackerBintr:[00m  :   tracker-width        : 480
0:00:00.095443807 [336m219221[00m     0x40beaef0 [36mINFO   [00m [00m                 DSL src/DslTrackerBintr.cpp:65:TrackerBintr:[00m  :   tracker-height       : 272
0:00:00.095452415 [336m219221[00m     0x40beaef0 [36mINFO   [00m [00m                 DSL src/DslTrackerBintr.cpp:66:TrackerBintr:[00m  :   ll-lib-file          : /opt/nvidia/deepstream/deepstream/lib/libnvds_nvmultiobjecttracker.so
0:00:00.095460383 [336m219221[00m     0x40beaef0 [36mINFO   [00m [00m                 DSL src/DslTrackerBintr.cpp:67:TrackerBintr:[00m  :   ll-config-file       : /opt/nvidia/deepstream/deepstream/samples/configs/deepstream-app/config_tracker_IOU.yml
0:00:00.095467967 [336m219221[00m     0x40beaef0 [36mINFO   [00m [00m                 DSL src/DslTrackerBintr.cpp:68:TrackerBintr:[00m  :   display-tracking-id  : 1
0:00:00.095475616 [336m219221[00m     0x40beaef0 [36mINFO   [00m [00m                 DSL src/DslTrackerBintr.cpp:69:TrackerBintr:[00m  :   input-tensor-meta    : 0
0:00:00.095482912 [336m219221[00m     0x40beaef0 [36mINFO   [00m [00m                 DSL src/DslTrackerBintr.cpp:70:TrackerBintr:[00m  :   gpu-id               : 0
0:00:00.095706468 [336m219221[00m     0x40beaef0 [36mINFO   [00m [00m                 DSL src/DslServicesTracker.cpp:64:TrackerNew:[00m  : New Tracker 'iou-tracker' created successfully
0:00:00.096759574 [336m219221[00m     0x40beaef0 [36mINFO   [00m [00m                 DSL src/DslTilerBintr.cpp:61:TilerBintr:[00m  : 
0:00:00.096780662 [336m219221[00m     0x40beaef0 [36mINFO   [00m [00m                 DSL src/DslTilerBintr.cpp:62:TilerBintr:[00m  : Initial property values for TilerBintr 'tiler'
0:00:00.096793559 [336m219221[00m     0x40beaef0 [36mINFO   [00m [00m                 DSL src/DslTilerBintr.cpp:63:TilerBintr:[00m  :   rows              : 0
0:00:00.096803959 [336m219221[00m     0x40beaef0 [36mINFO   [00m [00m                 DSL src/DslTilerBintr.cpp:64:TilerBintr:[00m  :   columns           : 0
0:00:00.096813303 [336m219221[00m     0x40beaef0 [36mINFO   [00m [00m                 DSL src/DslTilerBintr.cpp:65:TilerBintr:[00m  :   width             : 1280
0:00:00.096821623 [336m219221[00m     0x40beaef0 [36mINFO   [00m [00m                 DSL src/DslTilerBintr.cpp:66:TilerBintr:[00m  :   height            : 720
0:00:00.096830039 [336m219221[00m     0x40beaef0 [36mINFO   [00m [00m                 DSL src/DslTilerBintr.cpp:67:TilerBintr:[00m  :   show-source       : -1
0:00:00.096837975 [336m219221[00m     0x40beaef0 [36mINFO   [00m [00m                 DSL src/DslTilerBintr.cpp:68:TilerBintr:[00m  :   gpu-id            : 0
0:00:00.096846039 [336m219221[00m     0x40beaef0 [36mINFO   [00m [00m                 DSL src/DslTilerBintr.cpp:69:TilerBintr:[00m  :   nvbuf-memory-type : 0
0:00:00.096853528 [336m219221[00m     0x40beaef0 [36mINFO   [00m [00m                 DSL src/DslTilerBintr.cpp:70:TilerBintr:[00m  :   compute-hw        : 0
0:00:00.097143197 [336m219221[00m     0x40beaef0 [36mINFO   [00m [00m                 DSL src/DslServicesTiler.cpp:49:TilerNew:[00m  : New Tiler 'tiler' created successfully
0:00:00.097242622 [336m219221[00m     0x40beaef0 [36mINFO   [00m [00m                 DSL src/DslServicesTiler.cpp:167:TilerTilesSet:[00m  : Columns = 4 rows = 2 set successfully for Tiler 'tiler'
0:00:00.102695005 [336m219221[00m     0x40beaef0 [36mINFO   [00m [00m                 DSL src/DslOsdBintr.cpp:80:OsdBintr:[00m  : 
0:00:00.102744382 [336m219221[00m     0x40beaef0 [36mINFO   [00m [00m                 DSL src/DslOsdBintr.cpp:81:OsdBintr:[00m  : Initial property values for OsdBintr 'on-screen-display'
0:00:00.102757278 [336m219221[00m     0x40beaef0 [36mINFO   [00m [00m                 DSL src/DslOsdBintr.cpp:82:OsdBintr:[00m  :   display-bbox      : 1
0:00:00.102766719 [336m219221[00m     0x40beaef0 [36mINFO   [00m [00m                 DSL src/DslOsdBintr.cpp:83:OsdBintr:[00m  :   display-text      : 1
0:00:00.102775455 [336m219221[00m     0x40beaef0 [36mINFO   [00m [00m                 DSL src/DslOsdBintr.cpp:84:OsdBintr:[00m  :   display-mask      : 0
0:00:00.102783551 [336m219221[00m     0x40beaef0 [36mINFO   [00m [00m                 DSL src/DslOsdBintr.cpp:85:OsdBintr:[00m  :   display-clock     : 1
0:00:00.102791231 [336m219221[00m     0x40beaef0 [36mINFO   [00m [00m                 DSL src/DslOsdBintr.cpp:86:OsdBintr:[00m  :   clock-font        : Serif
0:00:00.102798943 [336m219221[00m     0x40beaef0 [36mINFO   [00m [00m                 DSL src/DslOsdBintr.cpp:87:OsdBintr:[00m  :   clock-font-size   : 12
0:00:00.102806943 [336m219221[00m     0x40beaef0 [36mINFO   [00m [00m                 DSL src/DslOsdBintr.cpp:88:OsdBintr:[00m  :   clock-color       : 741417051
0:00:00.102814783 [336m219221[00m     0x40beaef0 [36mINFO   [00m [00m                 DSL src/DslOsdBintr.cpp:89:OsdBintr:[00m  :   clock-x-offset    : 20
0:00:00.102822752 [336m219221[00m     0x40beaef0 [36mINFO   [00m [00m                 DSL src/DslOsdBintr.cpp:90:OsdBintr:[00m  :   clock-y-offset    : 20
0:00:00.102830304 [336m219221[00m     0x40beaef0 [36mINFO   [00m [00m                 DSL src/DslOsdBintr.cpp:91:OsdBintr:[00m  :   process-mode      : 0
0:00:00.102838112 [336m219221[00m     0x40beaef0 [36mINFO   [00m [00m                 DSL src/DslOsdBintr.cpp:92:OsdBintr:[00m  :   gpu-id            : 0
0:00:00.102845504 [336m219221[00m     0x40beaef0 [36mINFO   [00m [00m                 DSL src/DslOsdBintr.cpp:93:OsdBintr:[00m  :   nvbuf-memory-type : 0
0:00:00.103181958 [336m219221[00m     0x40beaef0 [36mINFO   [00m [00m                 DSL src/DslServicesOsd.cpp:51:OsdNew:[00m  : New OSD 'on-screen-display' created successfully
0:00:00.105710322 [336m219221[00m     0x40beaef0 [36mINFO   [00m [00m                 DSL src/DslSinkBintr.cpp:1295:EglSinkBintr:[00m  : 
0:00:00.105742226 [336m219221[00m     0x40beaef0 [36mINFO   [00m [00m                 DSL src/DslSinkBintr.cpp:1296:EglSinkBintr:[00m  : Initial property values for EglSinkBintr 'egl-sink'
0:00:00.105756883 [336m219221[00m     0x40beaef0 [36mINFO   [00m [00m                 DSL src/DslSinkBintr.cpp:1297:EglSinkBintr:[00m  :   offset-x           : 0
0:00:00.105767379 [336m219221[00m     0x40beaef0 [36mINFO   [00m [00m                 DSL src/DslSinkBintr.cpp:1298:EglSinkBintr:[00m  :   offset-y           : 0
0:00:00.105775635 [336m219221[00m     0x40beaef0 [36mINFO   [00m [00m                 DSL src/DslSinkBintr.cpp:1299:EglSinkBintr:[00m  :   width              : 1280
0:00:00.105783603 [336m219221[00m     0x40beaef0 [36mINFO   [00m [00m                 DSL src/DslSinkBintr.cpp:1300:EglSinkBintr:[00m  :   height             : 720
0:00:00.105792563 [336m219221[00m     0x40beaef0 [36mINFO   [00m [00m                 DSL src/DslSinkBintr.cpp:1301:EglSinkBintr:[00m  :   force-aspect-ratio : 0
0:00:00.105801331 [336m219221[00m     0x40beaef0 [36mINFO   [00m [00m                 DSL src/DslSinkBintr.cpp:1302:EglSinkBintr:[00m  :   sync               : 1
0:00:00.105831572 [336m219221[00m     0x40beaef0 [36mINFO   [00m [00m                 DSL src/DslSinkBintr.cpp:1303:EglSinkBintr:[00m  :   async              : 0
0:00:00.105840852 [336m219221[00m     0x40beaef0 [36mINFO   [00m [00m                 DSL src/DslSinkBintr.cpp:1304:EglSinkBintr:[00m  :   max-lateness       : -1
0:00:00.105848756 [336m219221[00m     0x40beaef0 [36mINFO   [00m [00m                 DSL src/DslSinkBintr.cpp:1305:EglSinkBintr:[00m  :   qos                : 0
0:00:00.105856340 [336m219221[00m     0x40beaef0 [36mINFO   [00m [00m                 DSL src/DslSinkBintr.cpp:1306:EglSinkBintr:[00m  :   enable-last-sample : 0
0:00:00.105963638 [336m219221[00m     0x40beaef0 [36mINFO   [00m [00m                 DSL src/DslServicesSink.cpp:270:SinkWindowEglNew:[00m  : New Window Sink 'egl-sink' created successfully
0:00:00.106079992 [336m219221[00m     0x40beaef0 [36mINFO   [00m [00m                 DSL src/DslServicesSink.cpp:3206:SinkSyncEnabledSet:[00m  : Sink 'egl-sink' set sync enabled = 1 successfully
0:00:00.106731012 [336m219221[00m     0x40beaef0 [36mINFO   [00m [00m                 DSL src/DslServicesSink.cpp:576:SinkWindowKeyEventHandlerAdd:[00m  : Window Sink 'egl-sink' added Key Event Handler successfully
0:00:00.106826405 [336m219221[00m     0x40beaef0 [36mINFO   [00m [00m                 DSL src/DslServicesSink.cpp:708:SinkWindowDeleteEventHandlerAdd:[00m  : Window Sink 'egl-sink' added Delete Event Handler successfully
0:00:00.107231308 [336m219221[00m     0x40beaef0 [33;01mWARN   [00m [00m                 DSL src/DslPipelineSourcesBintr.cpp:47:PipelineSourcesBintr:[00m  : USE_NEW_NVSTREAMMUX is set to yes - enabling new Streammux Services
0:00:00.108812648 [336m219221[00m     0x40beaef0 [36mINFO   [00m [00m                 DSL src/DslPipelineSourcesBintr.cpp:71:PipelineSourcesBintr:[00m  : 
0:00:00.108835688 [336m219221[00m     0x40beaef0 [36mINFO   [00m [00m                 DSL src/DslPipelineSourcesBintr.cpp:72:PipelineSourcesBintr:[00m  : Initial property values for Streammux 'pipeline-sources-bin'
0:00:00.108851785 [336m219221[00m     0x40beaef0 [36mINFO   [00m [00m                 DSL src/DslPipelineSourcesBintr.cpp:73:PipelineSourcesBintr:[00m  :   num-surfaces-per-frame : 1
0:00:00.108862985 [336m219221[00m     0x40beaef0 [36mINFO   [00m [00m                 DSL src/DslPipelineSourcesBintr.cpp:74:PipelineSourcesBintr:[00m  :   attach-sys-ts          : 1
0:00:00.108871561 [336m219221[00m     0x40beaef0 [36mINFO   [00m [00m                 DSL src/DslPipelineSourcesBintr.cpp:75:PipelineSourcesBintr:[00m  :   sync-inputs            : 0
0:00:00.108879433 [336m219221[00m     0x40beaef0 [36mINFO   [00m [00m                 DSL src/DslPipelineSourcesBintr.cpp:76:PipelineSourcesBintr:[00m  :   max-latency            : 0
0:00:00.108887433 [336m219221[00m     0x40beaef0 [36mINFO   [00m [00m                 DSL src/DslPipelineSourcesBintr.cpp:77:PipelineSourcesBintr:[00m  :   frame-duration         : -1
0:00:00.108895977 [336m219221[00m     0x40beaef0 [36mINFO   [00m [00m                 DSL src/DslPipelineSourcesBintr.cpp:78:PipelineSourcesBintr:[00m  :   drop-pipeline-eos      : 0
0:00:00.109129549 [336m219221[00m     0x40beaef0 [36mINFO   [00m [00m                 DSL src/DslServicesPipeline.cpp:47:PipelineNew:[00m  : New PIPELINE 'pipeline' created successfully
0:00:00.109253872 [336m219221[00m     0x40beaef0 [36mINFO   [00m [00m                 DSL src/DslServicesSource.cpp:2958:_sourceNameSet:[00m  : Setting Source name = source-1 with id = 0
0:00:00.109402706 [336m219221[00m     0x40beaef0 [36mINFO   [00m [00m                 DSL src/DslServicesPipeline.cpp:140:PipelineComponentAdd:[00m  : Component 'source-1' was added to Pipeline 'pipeline' successfully
0:00:00.109463283 [336m219221[00m     0x40beaef0 [36mINFO   [00m [00m                 DSL src/DslBranchBintr.cpp:114:AddPrimaryInferBintr:[00m  : Adding PrimaryInferBintr 'primary-gie' to Pipeline/Branch 'pipeline'
0:00:00.109575445 [336m219221[00m     0x40beaef0 [36mINFO   [00m [00m                 DSL src/DslServicesPipeline.cpp:140:PipelineComponentAdd:[00m  : Component 'primary-gie' was added to Pipeline 'pipeline' successfully
0:00:00.109655991 [336m219221[00m     0x40beaef0 [36mINFO   [00m [00m                 DSL src/DslServicesPipeline.cpp:140:PipelineComponentAdd:[00m  : Component 'iou-tracker' was added to Pipeline 'pipeline' successfully
0:00:00.109731960 [336m219221[00m     0x40beaef0 [36mINFO   [00m [00m                 DSL src/DslServicesPipeline.cpp:140:PipelineComponentAdd:[00m  : Component 'tiler' was added to Pipeline 'pipeline' successfully
0:00:00.109812537 [336m219221[00m     0x40beaef0 [36mINFO   [00m [00m                 DSL src/DslServicesPipeline.cpp:140:PipelineComponentAdd:[00m  : Component 'on-screen-display' was added to Pipeline 'pipeline' successfully
0:00:00.110230337 [336m219221[00m     0x40beaef0 [36mINFO   [00m [00m                 DSL src/DslMultiBranchesBintr.cpp:375:MultiSinksBintr:[00m  : 
0:00:00.110250561 [336m219221[00m     0x40beaef0 [36mINFO   [00m [00m                 DSL src/DslMultiBranchesBintr.cpp:376:MultiSinksBintr:[00m  : Initial property values for MultiSinksBintr 'sinks-bin'
0:00:00.110264929 [336m219221[00m     0x40beaef0 [36mINFO   [00m [00m                 DSL src/DslMultiBranchesBintr.cpp:377:MultiSinksBintr:[00m  :   blocking-timeout : 1
0:00:00.110408260 [336m219221[00m     0x40beaef0 [36mINFO   [00m [00m                 DSL src/DslServicesPipeline.cpp:140:PipelineComponentAdd:[00m  : Component 'egl-sink' was added to Pipeline 'pipeline' successfully
0:00:00.110542054 [336m219221[00m     0x40beaef0 [36mINFO   [00m [00m                 DSL src/DslServicesPipeline.cpp:237:PipelineStreammuxConfigFileSet:[00m  : Pipeline 'pipeline' set Streammux config-file = '../../test/config/all_sources_30fps.txt' successfully
0:00:00.110612455 [336m219221[00m     0x40beaef0 [36mINFO   [00m [00m                 DSL src/DslServicesPipeline.cpp:293:PipelineStreammuxBatchSizeSet:[00m  : Pipeline 'pipeline' set batch-size = 8' successfully
0:00:00.110721833 [336m219221[00m     0x40beaef0 [36mINFO   [00m [00m                 DSL src/DslServicesPph.cpp:455:PphStreamEventNew:[00m  : Stream-Event Pad Probe Handler 'stream-event-pph' created successfully
0:00:00.110839083 [336m219221[00m     0x40beaef0 [36mINFO   [00m [00m                 DSL src/DslServicesPipeline.cpp:910:PipelineStreammuxPphAdd:[00m  : Pad Probe Handler 'stream-event-pph' added to Pipeline 'pipeline' successfully
0:00:00.110907276 [336m219221[00m     0x40beaef0 [36mINFO   [00m [00m                 DSL src/DslServicesPipeline.cpp:1183:PipelineEosListenerAdd:[00m  : Pipeline 'pipeline' added End of Stream Listener successfully
0:00:00.111033071 [336m219221[00m     0x40beaef0 [36mINFO   [00m [00m                 DSL src/DslNodetr.h:617:LinkToSinkMuxer:[00m  : Linking requested Sink Pad'0x4147d9b0' for GstNodetr 'source-1'
0:00:00.111255731 [336m219221[00m     0x40beaef0 [36mINFO   [00m [00m                 DSL src/DslPipelineBintr.cpp:339:LinkAll:[00m  : Pipeline 'pipeline' Linked up all Source 'pipeline-sources-bin' successfully
0:00:00.111311411 [336m219221[00m     0x40beaef0 [36mINFO   [00m [00m                 DSL src/DslBintr.h:214:SetBatchSize:[00m  : Setting batch size to '8' for Bintr 'primary-gie'
0:00:00.111786204 [336m219221[00m     0x40beaef0 [36mINFO   [00m [00m                 DSL src/DslBranchBintr.cpp:603:LinkAll:[00m  : Branch 'pipeline' Linked up PrimaryInferBintr 'primary-gie' successfully
0:00:00.111815164 [336m219221[00m     0x40beaef0 [36mINFO   [00m [00m                 DSL src/DslBintr.h:214:SetBatchSize:[00m  : Setting batch size to '8' for Bintr 'iou-tracker'
0:00:00.112102753 [336m219221[00m     0x40beaef0 [36mINFO   [00m [00m                 DSL src/DslBranchBintr.cpp:619:LinkAll:[00m  : Branch 'pipeline' Linked up Tracker 'iou-tracker' successfully
0:00:00.112149538 [336m219221[00m     0x40beaef0 [36mINFO   [00m [00m                 DSL src/DslBintr.h:214:SetBatchSize:[00m  : Setting batch size to '8' for Bintr 'tiler'
0:00:00.112491496 [336m219221[00m     0x40beaef0 [36mINFO   [00m [00m                 DSL src/DslBranchBintr.cpp:681:LinkAll:[00m  : Branch 'pipeline' Linked up Tiler 'tiler' successfully
0:00:00.112516776 [336m219221[00m     0x40beaef0 [36mINFO   [00m [00m                 DSL src/DslBintr.h:214:SetBatchSize:[00m  : Setting batch size to '8' for Bintr 'on-screen-display'
0:00:00.113294582 [336m219221[00m     0x40beaef0 [36mINFO   [00m [00m                 DSL src/DslBranchBintr.cpp:696:LinkAll:[00m  : Branch 'pipeline' Linked up OSD 'on-screen-display' successfully
0:00:00.113332695 [336m219221[00m     0x40beaef0 [36mINFO   [00m [00m                 DSL src/DslBintr.h:214:SetBatchSize:[00m  : Setting batch size to '8' for Bintr 'egl-sink'
0:00:00.113355671 [336m219221[00m     0x40beaef0 [36mINFO   [00m [00m                 DSL src/DslBintr.h:214:SetBatchSize:[00m  : Setting batch size to '8' for Bintr 'sinks-bin'
0:00:00.113441593 [336m219221[00m     0x40beaef0 [36mINFO   [00m [00m                 DSL src/DslServicesSink.cpp:171:_sinkWindowRegister:[00m  : Registering Window-Sink 'egl-sink' with GstObject* = 0x0000000x4155bb10
0:00:00.113709309 [336m219221[00m     0x40beaef0 [36mINFO   [00m [00m                 DSL src/DslNodetr.h:770:LinkToSourceTee:[00m  : Linking requested source pad'0x41574120' for GstNodetr 'egl-sink'
0:00:00.114285799 [336m219221[00m     0x40beaef0 [36mINFO   [00m [00m                 DSL src/DslBranchBintr.cpp:761:LinkAll:[00m  : Branch 'pipeline' Linked up all Sinks 'sinks-bin' successfully
0:00:00.114314440 [336m219221[00m     0x40beaef0 [36mINFO   [00m [00m                 DSL src/DslNodetr.h:933:SetState:[00m  : Changing state to 'PAUSED' for GstNodetr 'pipeline'
0:00:00.114952307 [336m219221[00m     0x40beaef0 [36mINFO   [00m [00m                 DSL src/DslServicesSink.cpp:206:_sinkWindowGet:[00m  : Returning Window-Sink 'egl-sink'
0:00:00.115480060 [336m219221[00m     0x40beaef0 [36mINFO   [00m [00m                 DSL src/DslSinkBintr.cpp:910:CreateXWindow:[00m  : XDisplay screen dimensions: width = 1920, height = 1080 for WindowSinkBintr 'egl-sink'
0:00:00.115505565 [336m219221[00m     0x40beaef0 [36mINFO   [00m [00m                 DSL src/DslSinkBintr.cpp:929:CreateXWindow:[00m  : Creating new XWindow: x-offset = 0, y-offset = 0, width = 1280, height = 720 for WindowSinkBintr 'egl-sink'
0:00:03.341984750 [336m219221[00m     0x40beaef0 [36mINFO   [00m [00m             nvinfer gstnvinfer.cpp:682:gst_nvinfer_logger:<infer-primary-gie-nvinfer>[00m NvDsInferContext[UID 1]: Info from NvDsInferContextImpl::deserializeEngineAndBackend() <nvdsinfer_context_impl.cpp:1988> [UID = 1]: deserialized trt engine from :/opt/nvidia/deepstream/deepstream/samples/models/Primary_Detector/resnet10.caffemodel_b8_gpu0_int8.engine
0:00:03.556630029 [336m219221[00m     0x40beaef0 [36mINFO   [00m [00m             nvinfer gstnvinfer.cpp:682:gst_nvinfer_logger:<infer-primary-gie-nvinfer>[00m NvDsInferContext[UID 1]: Info from NvDsInferContextImpl::generateBackendContext() <nvdsinfer_context_impl.cpp:2091> [UID = 1]: Use deserialized engine model: /opt/nvidia/deepstream/deepstream/samples/models/Primary_Detector/resnet10.caffemodel_b8_gpu0_int8.engine
0:00:03.590398778 [336m219221[00m     0x40beaef0 [36mINFO   [00m [00m             nvinfer gstnvinfer_impl.cpp:328:notifyLoadModelStatus:<infer-primary-gie-nvinfer>[00m [UID 1]: Load new model:/opt/nvidia/deepstream/deepstream/samples/configs/deepstream-app/config_infer_primary.txt sucessfully
0:00:03.591516878 [336m219221[00m     0x40beaef0 [36mINFO   [00m [00m                 DSL src/DslSourceBintr.cpp:2026:HandleOnChildAdded:[00m  : Child object with name 'source' added
0:00:03.591948885 [336m219221[00m     0x40beaef0 [36mINFO   [00m [00m                 DSL src/DslSourceBintr.cpp:2026:HandleOnChildAdded:[00m  : Child object with name 'decodebin0' added
0:00:03.592278107 [336m219221[00m     0x40beaef0 [36mINFO   [00m [00m                 DSL src/DslNodetr.h:954:SetState:[00m  : State change will complete asynchronously for GstNodetr 'pipeline'
0:00:03.600807664 [336m219221[00m     0x63908d80 [36mINFO   [00m [00m                 DSL src/DslSourceBintr.cpp:2026:HandleOnChildAdded:[00m  : Child object with name 'qtdemux0' added
0:00:03.601785825 [336m219221[00m     0x637975e0 [36mINFO   [00m [00m                 DSL src/DslSourceBintr.cpp:2026:HandleOnChildAdded:[00m  : Child object with name 'multiqueue0' added
0:00:03.603279451 [336m219221[00m     0x637975e0 [36mINFO   [00m [00m                 DSL src/DslSourceBintr.cpp:2026:HandleOnChildAdded:[00m  : Child object with name 'h265parse0' added
0:00:03.603630753 [336m219221[00m     0x637975e0 [36mINFO   [00m [00m                 DSL src/DslSourceBintr.cpp:2026:HandleOnChildAdded:[00m  : Child object with name 'capsfilter0' added
0:00:03.605271133 [336m219221[00m     0x637975e0 [36mINFO   [00m [00m                 DSL src/DslSourceBintr.cpp:2026:HandleOnChildAdded:[00m  : Child object with name 'aacparse0' added
0:00:03.655177124 [336m219221[00m     0x637975e0 [36mINFO   [00m [00m                 DSL src/DslSourceBintr.cpp:2026:HandleOnChildAdded:[00m  : Child object with name 'avdec_aac0' added
0:00:03.673683975 [336m219221[00m 0xfffee407df00 [36mINFO   [00m [00m                 DSL src/DslSourceBintr.cpp:2026:HandleOnChildAdded:[00m  : Child object with name 'nvv4l2decoder0' added
0:00:03.673772552 [336m219221[00m 0xfffee407df00 [36mINFO   [00m [00m                 DSL src/DslSourceBintr.cpp:2050:HandleOnChildAdded:[00m  : setting properties for child 'nvv4l2decoder0'
0:00:03.815606706 [336m219221[00m 0xfffee407df00 [36mINFO   [00m [00m                 DSL src/DslSourceBintr.cpp:2003:HandleSourceElementOnPadAdded:[00m  : Caps structs name video/x-raw
0:00:03.816969546 [336m219221[00m 0xfffee407df00 [36mINFO   [00m [00m                 DSL src/DslSourceBintr.cpp:2014:HandleSourceElementOnPadAdded:[00m  : Video decode linked for URI source 'source-1'
0:00:03.817125708 [336m219221[00m 0xfffee407df00 [36mINFO   [00m [00m                 DSL src/DslSourceBintr.cpp:2003:HandleSourceElementOnPadAdded:[00m  : Caps structs name audio/x-raw
0:00:03.817299024 [336m219221[00m     0x40beaef0 [36mINFO   [00m [00m                 DSL src/DslNodetr.h:970:SetState:[00m  : State change completed asynchronously for GstNodetr'pipeline'
0:00:03.817379089 [336m219221[00m     0x40beaef0 [36mINFO   [00m [00m                 DSL src/DslNodetr.h:933:SetState:[00m  : Changing state to 'PLAYING' for GstNodetr 'pipeline'
0:00:03.817427026 [336m219221[00m     0x40bf8760 [36mINFO   [00m [00m                 DSL src/DslPadProbeHandler.cpp:909:HandlePadData:[00m  : GST_NVEVENT_PAD_ADDED received for new stream-id=0
0:00:03.818515653 [336m219221[00m     0x40beaef0 [36mINFO   [00m [00m                 DSL src/DslNodetr.h:941:SetState:[00m  : State change completed synchronously for GstNodetr'pipeline'
0:00:03.818563494 [336m219221[00m     0x40beaef0 [36mINFO   [00m [00m                 DSL src/DslServicesPipeline.cpp:994:PipelinePlay:[00m  : Pipeline 'pipeline' transitioned to a state of PLAYING successfully
0:00:03.818682920 [336m219221[00m     0x40beaef0 [36mINFO   [00m [00m                 DSL src/DslServices.cpp:74:dsl_main_loop_run:[00m  : ---------- starting main-loop --------------
0:00:03.818736905 [336m219221[00m     0x40beaef0 [36mINFO   [00m [00m                 DSL src/DslPipelineStateMgr.cpp:385:HandleBusWatchMessage:[00m  : Unhandled message type:: need-context
0:00:03.818762409 [336m219221[00m     0x40beaef0 [36mINFO   [00m [00m                 DSL src/DslPipelineStateMgr.cpp:385:HandleBusWatchMessage:[00m  : Unhandled message type:: have-context
0:00:03.818925932 [336m219221[00m     0x40beaef0 [36mINFO   [00m [00m                 DSL src/DslPipelineStateMgr.cpp:401:HandleStateChanged:[00m  : GST_STATE_NULL => GST_STATE_READY
0:00:03.819001997 [336m219221[00m     0x40beaef0 [36mINFO   [00m [00m                 DSL src/DslPipelineStateMgr.cpp:310:HandleBusWatchMessage:[00m  : Message type : stream-status
0:00:03.819013901 [336m219221[00m     0x40beaef0 [36mINFO   [00m [00m                 DSL src/DslPipelineStateMgr.cpp:311:HandleBusWatchMessage:[00m  :    source    : egl-sink-nveglglessink
0:00:03.819024878 [336m219221[00m     0x40beaef0 [36mINFO   [00m [00m                 DSL src/DslPipelineStateMgr.cpp:312:HandleBusWatchMessage:[00m  :    type      : 1
0:00:03.819032622 [336m219221[00m     0x40beaef0 [36mINFO   [00m [00m                 DSL src/DslPipelineStateMgr.cpp:313:HandleBusWatchMessage:[00m  :    element   : egl-sink-nveglglessink
0:00:03.819054606 [336m219221[00m     0x40beaef0 [36mINFO   [00m [00m                 DSL src/DslPipelineStateMgr.cpp:310:HandleBusWatchMessage:[00m  : Message type : stream-status
0:00:03.819064366 [336m219221[00m     0x40beaef0 [36mINFO   [00m [00m                 DSL src/DslPipelineStateMgr.cpp:311:HandleBusWatchMessage:[00m  :    source    : src
0:00:03.819071726 [336m219221[00m     0x40beaef0 [36mINFO   [00m [00m                 DSL src/DslPipelineStateMgr.cpp:312:HandleBusWatchMessage:[00m  :    type      : 0
0:00:03.819079215 [336m219221[00m     0x40beaef0 [36mINFO   [00m [00m                 DSL src/DslPipelineStateMgr.cpp:313:HandleBusWatchMessage:[00m  :    element   : egl-sink-queue
0:00:03.819107503 [336m219221[00m     0x40beaef0 [36mINFO   [00m [00m                 DSL src/DslPipelineStateMgr.cpp:310:HandleBusWatchMessage:[00m  : Message type : stream-status
0:00:03.819116463 [336m219221[00m     0x40beaef0 [36mINFO   [00m [00m                 DSL src/DslPipelineStateMgr.cpp:311:HandleBusWatchMessage:[00m  :    source    : src
0:00:03.819123599 [336m219221[00m     0x40beaef0 [36mINFO   [00m [00m                 DSL src/DslPipelineStateMgr.cpp:312:HandleBusWatchMessage:[00m  :    type      : 0
0:00:03.819130959 [336m219221[00m     0x40beaef0 [36mINFO   [00m [00m                 DSL src/DslPipelineStateMgr.cpp:313:HandleBusWatchMessage:[00m  :    element   : sinks-bin-queue
0:00:03.819153680 [336m219221[00m     0x40beaef0 [36mINFO   [00m [00m                 DSL src/DslPipelineStateMgr.cpp:310:HandleBusWatchMessage:[00m  : Message type : stream-status
0:00:03.819162096 [336m219221[00m     0x40beaef0 [36mINFO   [00m [00m                 DSL src/DslPipelineStateMgr.cpp:311:HandleBusWatchMessage:[00m  :    source    : src
0:00:03.819169424 [336m219221[00m     0x40beaef0 [36mINFO   [00m [00m                 DSL src/DslPipelineStateMgr.cpp:312:HandleBusWatchMessage:[00m  :    type      : 1
0:00:03.819177680 [336m219221[00m     0x40beaef0 [36mINFO   [00m [00m                 DSL src/DslPipelineStateMgr.cpp:313:HandleBusWatchMessage:[00m  :    element   : egl-sink-queue
0:00:03.819193297 [336m219221[00m     0x40beaef0 [36mINFO   [00m [00m                 DSL src/DslPipelineStateMgr.cpp:310:HandleBusWatchMessage:[00m  : Message type : stream-status
0:00:03.819201649 [336m219221[00m     0x40beaef0 [36mINFO   [00m [00m                 DSL src/DslPipelineStateMgr.cpp:311:HandleBusWatchMessage:[00m  :    source    : src
0:00:03.819208881 [336m219221[00m     0x40beaef0 [36mINFO   [00m [00m                 DSL src/DslPipelineStateMgr.cpp:312:HandleBusWatchMessage:[00m  :    type      : 1
0:00:03.819216497 [336m219221[00m     0x40beaef0 [36mINFO   [00m [00m                 DSL src/DslPipelineStateMgr.cpp:313:HandleBusWatchMessage:[00m  :    element   : sinks-bin-queue
0:00:03.819236113 [336m219221[00m     0x40beaef0 [36mINFO   [00m [00m                 DSL src/DslPipelineStateMgr.cpp:310:HandleBusWatchMessage:[00m  : Message type : stream-status
0:00:03.819245233 [336m219221[00m     0x40beaef0 [36mINFO   [00m [00m                 DSL src/DslPipelineStateMgr.cpp:311:HandleBusWatchMessage:[00m  :    source    : src
0:00:03.819266610 [336m219221[00m     0x40beaef0 [36mINFO   [00m [00m                 DSL src/DslPipelineStateMgr.cpp:312:HandleBusWatchMessage:[00m  :    type      : 0
0:00:03.819276338 [336m219221[00m     0x40beaef0 [36mINFO   [00m [00m                 DSL src/DslPipelineStateMgr.cpp:313:HandleBusWatchMessage:[00m  :    element   : on-screen-display-queue-nvdsosd
0:00:03.819303442 [336m219221[00m     0x40beaef0 [36mINFO   [00m [00m                 DSL src/DslPipelineStateMgr.cpp:310:HandleBusWatchMessage:[00m  : Message type : stream-status
0:00:03.819312787 [336m219221[00m     0x40beaef0 [36mINFO   [00m [00m                 DSL src/DslPipelineStateMgr.cpp:311:HandleBusWatchMessage:[00m  :    source    : src
0:00:03.819320147 [336m219221[00m     0x40beaef0 [36mINFO   [00m [00m                 DSL src/DslPipelineStateMgr.cpp:312:HandleBusWatchMessage:[00m  :    type      : 0
0:00:03.819327667 [336m219221[00m     0x40beaef0 [36mINFO   [00m [00m                 DSL src/DslPipelineStateMgr.cpp:313:HandleBusWatchMessage:[00m  :    element   : on-screen-display-queue-nvvideoconvert
0:00:03.819352275 [336m219221[00m     0x40beaef0 [36mINFO   [00m [00m                 DSL src/DslPipelineStateMgr.cpp:310:HandleBusWatchMessage:[00m  : Message type : stream-status
0:00:03.819360883 [336m219221[00m     0x40beaef0 [36mINFO   [00m [00m                 DSL src/DslPipelineStateMgr.cpp:311:HandleBusWatchMessage:[00m  :    source    : src
0:00:03.819368180 [336m219221[00m     0x40beaef0 [36mINFO   [00m [00m                 DSL src/DslPipelineStateMgr.cpp:312:HandleBusWatchMessage:[00m  :    type      : 1
0:00:03.819375764 [336m219221[00m     0x40beaef0 [36mINFO   [00m [00m                 DSL src/DslPipelineStateMgr.cpp:313:HandleBusWatchMessage:[00m  :    element   : on-screen-display-queue-nvdsosd
0:00:03.819391060 [336m219221[00m     0x40beaef0 [36mINFO   [00m [00m                 DSL src/DslPipelineStateMgr.cpp:310:HandleBusWatchMessage:[00m  : Message type : stream-status
0:00:03.819399316 [336m219221[00m     0x40beaef0 [36mINFO   [00m [00m                 DSL src/DslPipelineStateMgr.cpp:311:HandleBusWatchMessage:[00m  :    source    : src
0:00:03.819406516 [336m219221[00m     0x40beaef0 [36mINFO   [00m [00m                 DSL src/DslPipelineStateMgr.cpp:312:HandleBusWatchMessage:[00m  :    type      : 1
0:00:03.819414612 [336m219221[00m     0x40beaef0 [36mINFO   [00m [00m                 DSL src/DslPipelineStateMgr.cpp:313:HandleBusWatchMessage:[00m  :    element   : on-screen-display-queue-nvvideoconvert
0:00:03.819433717 [336m219221[00m     0x40beaef0 [36mINFO   [00m [00m                 DSL src/DslPipelineStateMgr.cpp:310:HandleBusWatchMessage:[00m  : Message type : stream-status
0:00:03.819442613 [336m219221[00m     0x40beaef0 [36mINFO   [00m [00m                 DSL src/DslPipelineStateMgr.cpp:311:HandleBusWatchMessage:[00m  :    source    : src
0:00:03.819449621 [336m219221[00m     0x40beaef0 [36mINFO   [00m [00m                 DSL src/DslPipelineStateMgr.cpp:312:HandleBusWatchMessage:[00m  :    type      : 0
0:00:03.819456917 [336m219221[00m     0x40beaef0 [36mINFO   [00m [00m                 DSL src/DslPipelineStateMgr.cpp:313:HandleBusWatchMessage:[00m  :    element   : tiler-queue
0:00:03.819480182 [336m219221[00m     0x40beaef0 [36mINFO   [00m [00m                 DSL src/DslPipelineStateMgr.cpp:310:HandleBusWatchMessage:[00m  : Message type : stream-status
0:00:03.819488758 [336m219221[00m     0x40beaef0 [36mINFO   [00m [00m                 DSL src/DslPipelineStateMgr.cpp:311:HandleBusWatchMessage:[00m  :    source    : src
0:00:03.819496022 [336m219221[00m     0x40beaef0 [36mINFO   [00m [00m                 DSL src/DslPipelineStateMgr.cpp:312:HandleBusWatchMessage:[00m  :    type      : 1
0:00:03.819503510 [336m219221[00m     0x40beaef0 [36mINFO   [00m [00m                 DSL src/DslPipelineStateMgr.cpp:313:HandleBusWatchMessage:[00m  :    element   : tiler-queue
0:00:03.819536535 [336m219221[00m     0x40beaef0 [36mINFO   [00m [00m                 DSL src/DslPipelineStateMgr.cpp:310:HandleBusWatchMessage:[00m  : Message type : stream-status
0:00:03.819547415 [336m219221[00m     0x40beaef0 [36mINFO   [00m [00m                 DSL src/DslPipelineStateMgr.cpp:311:HandleBusWatchMessage:[00m  :    source    : src
0:00:03.819555223 [336m219221[00m     0x40beaef0 [36mINFO   [00m [00m                 DSL src/DslPipelineStateMgr.cpp:312:HandleBusWatchMessage:[00m  :    type      : 0
0:00:03.819563031 [336m219221[00m     0x40beaef0 [36mINFO   [00m [00m                 DSL src/DslPipelineStateMgr.cpp:313:HandleBusWatchMessage:[00m  :    element   : iou-tracker-queue
0:00:03.819589655 [336m219221[00m     0x40beaef0 [36mINFO   [00m [00m                 DSL src/DslPipelineStateMgr.cpp:310:HandleBusWatchMessage:[00m  : Message type : stream-status
0:00:03.819599096 [336m219221[00m     0x40beaef0 [36mINFO   [00m [00m                 DSL src/DslPipelineStateMgr.cpp:311:HandleBusWatchMessage:[00m  :    source    : src
0:00:03.819606456 [336m219221[00m     0x40beaef0 [36mINFO   [00m [00m                 DSL src/DslPipelineStateMgr.cpp:312:HandleBusWatchMessage:[00m  :    type      : 1
0:00:03.819613944 [336m219221[00m     0x40beaef0 [36mINFO   [00m [00m                 DSL src/DslPipelineStateMgr.cpp:313:HandleBusWatchMessage:[00m  :    element   : iou-tracker-queue
0:00:03.819639832 [336m219221[00m     0x40beaef0 [36mINFO   [00m [00m                 DSL src/DslPipelineStateMgr.cpp:310:HandleBusWatchMessage:[00m  : Message type : stream-status
0:00:03.819649081 [336m219221[00m     0x40beaef0 [36mINFO   [00m [00m                 DSL src/DslPipelineStateMgr.cpp:311:HandleBusWatchMessage:[00m  :    source    : src
0:00:03.819656633 [336m219221[00m     0x40beaef0 [36mINFO   [00m [00m                 DSL src/DslPipelineStateMgr.cpp:312:HandleBusWatchMessage:[00m  :    type      : 0
0:00:03.819664857 [336m219221[00m     0x40beaef0 [36mINFO   [00m [00m                 DSL src/DslPipelineStateMgr.cpp:313:HandleBusWatchMessage:[00m  :    element   : primary-gie-queue
0:00:03.819694073 [336m219221[00m     0x40beaef0 [36mINFO   [00m [00m                 DSL src/DslPipelineStateMgr.cpp:310:HandleBusWatchMessage:[00m  : Message type : stream-status
0:00:03.819703225 [336m219221[00m     0x40beaef0 [36mINFO   [00m [00m                 DSL src/DslPipelineStateMgr.cpp:311:HandleBusWatchMessage:[00m  :    source    : src
0:00:03.819710810 [336m219221[00m     0x40beaef0 [36mINFO   [00m [00m                 DSL src/DslPipelineStateMgr.cpp:312:HandleBusWatchMessage:[00m  :    type      : 0
0:00:03.819718970 [336m219221[00m     0x40beaef0 [36mINFO   [00m [00m                 DSL src/DslPipelineStateMgr.cpp:313:HandleBusWatchMessage:[00m  :    element   : source-1-queue-src-pad
0:00:03.819734746 [336m219221[00m     0x40beaef0 [36mINFO   [00m [00m                 DSL src/DslPipelineStateMgr.cpp:310:HandleBusWatchMessage:[00m  : Message type : stream-status
0:00:03.819742906 [336m219221[00m     0x40beaef0 [36mINFO   [00m [00m                 DSL src/DslPipelineStateMgr.cpp:311:HandleBusWatchMessage:[00m  :    source    : src
0:00:03.819749946 [336m219221[00m     0x40beaef0 [36mINFO   [00m [00m                 DSL src/DslPipelineStateMgr.cpp:312:HandleBusWatchMessage:[00m  :    type      : 1
0:00:03.819757370 [336m219221[00m     0x40beaef0 [36mINFO   [00m [00m                 DSL src/DslPipelineStateMgr.cpp:313:HandleBusWatchMessage:[00m  :    element   : primary-gie-queue
0:00:03.819790107 [336m219221[00m     0x40beaef0 [36mINFO   [00m [00m                 DSL src/DslPipelineStateMgr.cpp:310:HandleBusWatchMessage:[00m  : Message type : stream-status
0:00:03.819798363 [336m219221[00m     0x40beaef0 [36mINFO   [00m [00m                 DSL src/DslPipelineStateMgr.cpp:311:HandleBusWatchMessage:[00m  :    source    : src
0:00:03.819813275 [336m219221[00m     0x40beaef0 [36mINFO   [00m [00m                 DSL src/DslPipelineStateMgr.cpp:312:HandleBusWatchMessage:[00m  :    type      : 1
0:00:03.819821500 [336m219221[00m     0x40beaef0 [36mINFO   [00m [00m                 DSL src/DslPipelineStateMgr.cpp:313:HandleBusWatchMessage:[00m  :    element   : source-1-queue-src-pad
0:00:03.819872924 [336m219221[00m     0x40beaef0 [36mINFO   [00m [00m                 DSL src/DslPipelineStateMgr.cpp:310:HandleBusWatchMessage:[00m  : Message type : stream-status
0:00:03.819886269 [336m219221[00m     0x40beaef0 [36mINFO   [00m [00m                 DSL src/DslPipelineStateMgr.cpp:311:HandleBusWatchMessage:[00m  :    source    : sink
0:00:03.819893693 [336m219221[00m     0x40beaef0 [36mINFO   [00m [00m                 DSL src/DslPipelineStateMgr.cpp:312:HandleBusWatchMessage:[00m  :    type      : 0
0:00:03.819901757 [336m219221[00m     0x40beaef0 [36mINFO   [00m [00m                 DSL src/DslPipelineStateMgr.cpp:313:HandleBusWatchMessage:[00m  :    element   : typefind
0:00:03.819929181 [336m219221[00m     0x40beaef0 [36mINFO   [00m [00m                 DSL src/DslPipelineStateMgr.cpp:310:HandleBusWatchMessage:[00m  : Message type : stream-status
0:00:03.819937534 [336m219221[00m     0x40beaef0 [36mINFO   [00m [00m                 DSL src/DslPipelineStateMgr.cpp:311:HandleBusWatchMessage:[00m  :    source    : sink
0:00:03.819944158 [336m219221[00m     0x40beaef0 [36mINFO   [00m [00m                 DSL src/DslPipelineStateMgr.cpp:312:HandleBusWatchMessage:[00m  :    type      : 1
0:00:03.819951134 [336m219221[00m     0x40beaef0 [36mINFO   [00m [00m                 DSL src/DslPipelineStateMgr.cpp:313:HandleBusWatchMessage:[00m  :    element   : typefind
0:00:03.819970814 [336m219221[00m     0x40beaef0 [36mINFO   [00m [00m                 DSL src/DslPipelineStateMgr.cpp:310:HandleBusWatchMessage:[00m  : Message type : stream-status
0:00:03.819979070 [336m219221[00m     0x40beaef0 [36mINFO   [00m [00m                 DSL src/DslPipelineStateMgr.cpp:311:HandleBusWatchMessage:[00m  :    source    : sink
0:00:03.819985694 [336m219221[00m     0x40beaef0 [36mINFO   [00m [00m                 DSL src/DslPipelineStateMgr.cpp:312:HandleBusWatchMessage:[00m  :    type      : 0
0:00:03.819992767 [336m219221[00m     0x40beaef0 [36mINFO   [00m [00m                 DSL src/DslPipelineStateMgr.cpp:313:HandleBusWatchMessage:[00m  :    element   : qtdemux0
0:00:03.820010687 [336m219221[00m     0x40beaef0 [36mINFO   [00m [00m                 DSL src/DslPipelineStateMgr.cpp:310:HandleBusWatchMessage:[00m  : Message type : stream-status
0:00:03.820018431 [336m219221[00m     0x40beaef0 [36mINFO   [00m [00m                 DSL src/DslPipelineStateMgr.cpp:311:HandleBusWatchMessage:[00m  :    source    : sink
0:00:03.820024959 [336m219221[00m     0x40beaef0 [36mINFO   [00m [00m                 DSL src/DslPipelineStateMgr.cpp:312:HandleBusWatchMessage:[00m  :    type      : 1
0:00:03.820031999 [336m219221[00m     0x40beaef0 [36mINFO   [00m [00m                 DSL src/DslPipelineStateMgr.cpp:313:HandleBusWatchMessage:[00m  :    element   : qtdemux0
0:00:03.820045375 [336m219221[00m     0x40beaef0 [36mINFO   [00m [00m                 DSL src/DslPipelineStateMgr.cpp:310:HandleBusWatchMessage:[00m  : Message type : stream-status
0:00:03.820053248 [336m219221[00m     0x40beaef0 [36mINFO   [00m [00m                 DSL src/DslPipelineStateMgr.cpp:311:HandleBusWatchMessage:[00m  :    source    : src_0
0:00:03.820059840 [336m219221[00m     0x40beaef0 [36mINFO   [00m [00m                 DSL src/DslPipelineStateMgr.cpp:312:HandleBusWatchMessage:[00m  :    type      : 0
0:00:03.820067232 [336m219221[00m     0x40beaef0 [36mINFO   [00m [00m                 DSL src/DslPipelineStateMgr.cpp:313:HandleBusWatchMessage:[00m  :    element   : multiqueue0
0:00:03.820081824 [336m219221[00m     0x40beaef0 [36mINFO   [00m [00m                 DSL src/DslPipelineStateMgr.cpp:310:HandleBusWatchMessage:[00m  : Message type : stream-status
0:00:03.820105120 [336m219221[00m     0x40beaef0 [36mINFO   [00m [00m                 DSL src/DslPipelineStateMgr.cpp:311:HandleBusWatchMessage:[00m  :    source    : src_0
0:00:03.820113121 [336m219221[00m     0x40beaef0 [36mINFO   [00m [00m                 DSL src/DslPipelineStateMgr.cpp:312:HandleBusWatchMessage:[00m  :    type      : 1
0:00:03.820120353 [336m219221[00m     0x40beaef0 [36mINFO   [00m [00m                 DSL src/DslPipelineStateMgr.cpp:313:HandleBusWatchMessage:[00m  :    element   : multiqueue0
0:00:03.820146913 [336m219221[00m     0x40beaef0 [36mINFO   [00m [00m                 DSL src/DslPipelineStateMgr.cpp:310:HandleBusWatchMessage:[00m  : Message type : stream-status
0:00:03.820156065 [336m219221[00m     0x40beaef0 [36mINFO   [00m [00m                 DSL src/DslPipelineStateMgr.cpp:311:HandleBusWatchMessage:[00m  :    source    : src_1
0:00:03.820162785 [336m219221[00m     0x40beaef0 [36mINFO   [00m [00m                 DSL src/DslPipelineStateMgr.cpp:312:HandleBusWatchMessage:[00m  :    type      : 0
0:00:03.820169826 [336m219221[00m     0x40beaef0 [36mINFO   [00m [00m                 DSL src/DslPipelineStateMgr.cpp:313:HandleBusWatchMessage:[00m  :    element   : multiqueue0
0:00:03.820184418 [336m219221[00m     0x40beaef0 [36mINFO   [00m [00m                 DSL src/DslPipelineStateMgr.cpp:310:HandleBusWatchMessage:[00m  : Message type : stream-status
0:00:03.820192674 [336m219221[00m     0x40beaef0 [36mINFO   [00m [00m                 DSL src/DslPipelineStateMgr.cpp:311:HandleBusWatchMessage:[00m  :    source    : src_1
0:00:03.820199234 [336m219221[00m     0x40beaef0 [36mINFO   [00m [00m                 DSL src/DslPipelineStateMgr.cpp:312:HandleBusWatchMessage:[00m  :    type      : 1
0:00:03.820206210 [336m219221[00m     0x40beaef0 [36mINFO   [00m [00m                 DSL src/DslPipelineStateMgr.cpp:313:HandleBusWatchMessage:[00m  :    element   : multiqueue0
0:00:03.820278691 [336m219221[00m     0x40beaef0 [36mINFO   [00m [00m                 DSL src/DslPipelineStateMgr.cpp:401:HandleStateChanged:[00m  : GST_STATE_READY => GST_STATE_PAUSED
0:00:03.820298692 [336m219221[00m     0x40beaef0 [36mINFO   [00m [00m                 DSL src/DslPipelineStateMgr.cpp:303:HandleBusWatchMessage:[00m  : Message type : async-done
0:00:03.820307236 [336m219221[00m     0x40beaef0 [36mINFO   [00m [00m                 DSL src/DslPipelineStateMgr.cpp:304:HandleBusWatchMessage:[00m  :    source    : pipeline
0:00:03.820316484 [336m219221[00m     0x40beaef0 [36mINFO   [00m [00m                 DSL src/DslPipelineStateMgr.cpp:305:HandleBusWatchMessage:[00m  :    time      : 18446744073709551615
0:00:03.820335492 [336m219221[00m     0x40beaef0 [36mINFO   [00m [00m                 DSL src/DslPipelineStateMgr.cpp:385:HandleBusWatchMessage:[00m  : Unhandled message type:: stream-start
0:00:03.820538824 [336m219221[00m     0x40beaef0 [36mINFO   [00m [00m                 DSL src/DslPipelineStateMgr.cpp:401:HandleStateChanged:[00m  : GST_STATE_PAUSED => GST_STATE_PLAYING
0:00:03.820565000 [336m219221[00m     0x40beaef0 [36mINFO   [00m [00m                 DSL src/DslPipelineStateMgr.cpp:310:HandleBusWatchMessage:[00m  : Message type : stream-status
0:00:03.820573673 [336m219221[00m     0x40beaef0 [36mINFO   [00m [00m                 DSL src/DslPipelineStateMgr.cpp:311:HandleBusWatchMessage:[00m  :    source    : src
0:00:03.820580937 [336m219221[00m     0x40beaef0 [36mINFO   [00m [00m                 DSL src/DslPipelineStateMgr.cpp:312:HandleBusWatchMessage:[00m  :    type      : 0
0:00:03.820587945 [336m219221[00m     0x40beaef0 [36mINFO   [00m [00m                 DSL src/DslPipelineStateMgr.cpp:313:HandleBusWatchMessage:[00m  :    element   : pipeline-sources-bin-nvstreammux
0:00:03.820601609 [336m219221[00m     0x40beaef0 [36mINFO   [00m [00m                 DSL src/DslPipelineStateMgr.cpp:310:HandleBusWatchMessage:[00m  : Message type : stream-status
0:00:03.820620617 [336m219221[00m     0x40beaef0 [36mINFO   [00m [00m                 DSL src/DslPipelineStateMgr.cpp:311:HandleBusWatchMessage:[00m  :    source    : src
0:00:03.820628362 [336m219221[00m     0x40beaef0 [36mINFO   [00m [00m                 DSL src/DslPipelineStateMgr.cpp:312:HandleBusWatchMessage:[00m  :    type      : 1
0:00:03.820635146 [336m219221[00m     0x40beaef0 [36mINFO   [00m [00m                 DSL src/DslPipelineStateMgr.cpp:313:HandleBusWatchMessage:[00m  :    element   : pipeline-sources-bin-nvstreammux
0:00:03.820649162 [336m219221[00m     0x40beaef0 [36mINFO   [00m [00m                 DSL src/DslPipelineStateMgr.cpp:310:HandleBusWatchMessage:[00m  : Message type : stream-status
0:00:03.820657098 [336m219221[00m     0x40beaef0 [36mINFO   [00m [00m                 DSL src/DslPipelineStateMgr.cpp:311:HandleBusWatchMessage:[00m  :    source    : src
0:00:03.820663530 [336m219221[00m     0x40beaef0 [36mINFO   [00m [00m                 DSL src/DslPipelineStateMgr.cpp:312:HandleBusWatchMessage:[00m  :    type      : 0
0:00:03.820669962 [336m219221[00m     0x40beaef0 [36mINFO   [00m [00m                 DSL src/DslPipelineStateMgr.cpp:313:HandleBusWatchMessage:[00m  :    element   : nvv4l2decoder0
0:00:03.820699979 [336m219221[00m     0x40beaef0 [36mINFO   [00m [00m                 DSL src/DslPipelineStateMgr.cpp:310:HandleBusWatchMessage:[00m  : Message type : stream-status
0:00:03.820708971 [336m219221[00m     0x40beaef0 [36mINFO   [00m [00m                 DSL src/DslPipelineStateMgr.cpp:311:HandleBusWatchMessage:[00m  :    source    : src
0:00:03.820715563 [336m219221[00m     0x40beaef0 [36mINFO   [00m [00m                 DSL src/DslPipelineStateMgr.cpp:312:HandleBusWatchMessage:[00m  :    type      : 1
0:00:03.820722251 [336m219221[00m     0x40beaef0 [36mINFO   [00m [00m                 DSL src/DslPipelineStateMgr.cpp:313:HandleBusWatchMessage:[00m  :    element   : nvv4l2decoder0
0:00:09.283905412 [336m219221[00m     0x40bf8120 [36mINFO   [00m [00m                 DSL src/DslSinkBintr.cpp:1039:HandleXWindowEvents:[00m  : Client message
0:00:09.284024550 [336m219221[00m     0x40bf8120 [36mINFO   [00m [00m                 DSL src/DslSinkBintr.cpp:1043:HandleXWindowEvents:[00m  : WM_DELETE_WINDOW message received
0:00:09.284389741 [336m219221[00m     0x40bf8120 [36mINFO   [00m [00m                 DSL src/DslPipelineBintr.cpp:447:Stop:[00m  : dsl_pipeline_stop called from client-callback context
0:00:11.285208345 [336m219221[00m     0x40bf8120 [33;01mWARN   [00m [00m                 DSL src/DslPipelineBintr.cpp:531:HandleStop:[00m  : Pipeline 'pipeline' failed to receive final EOS message on dsl_pipeline_stop
0:00:11.285303803 [336m219221[00m     0x40bf8120 [36mINFO   [00m [00m                 DSL src/DslNodetr.h:933:SetState:[00m  : Changing state to 'NULL' for GstNodetr 'pipeline'
0:00:11.399013118 [336m219221[00m     0x40bf8120 [36mINFO   [00m [00m                 DSL src/DslNodetr.h:941:SetState:[00m  : State change completed synchronously for GstNodetr'pipeline'
0:00:11.399196001 [336m219221[00m     0x40bf8120 [36mINFO   [00m [00m                 DSL src/DslPipelineSourcesBintr.cpp:381:UnlinkAll:[00m  : Unlinking pipeline-sources-bin-nvstreammux from source-1
0:00:11.399251586 [336m219221[00m     0x40bf8120 [36mINFO   [00m [00m                 DSL src/DslNodetr.h:679:UnlinkFromSinkMuxer:[00m  : GstNodetr 'source-1' changed state to NULL successfully
0:00:11.399296451 [336m219221[00m     0x40bf8120 [36mINFO   [00m [00m                 DSL src/DslNodetr.h:710:UnlinkFromSinkMuxer:[00m  : Unlinking and releasing requested sink pad '0x4147d9b0' for GstNodetr 'source-1'
0:00:11.506190799 [336m219221[00m     0x40bf8120 [36mINFO   [00m [00m                 DSL src/DslMultiBranchesBintr.cpp:328:UnlinkAll:[00m  : Unlinking sinks-bin-tee from 'egl-sink'
0:00:11.506266160 [336m219221[00m     0x40bf8120 [36mINFO   [00m [00m                 DSL src/DslNodetr.h:858:UnlinkFromSourceTee:[00m  : Unlinking requested source pad '0x41574120' for GstNodetr 'egl-sink'
0:00:11.506352306 [336m219221[00m     0x40bf8120 [36mINFO   [00m [00m                 DSL src/DslNodetr.h:871:UnlinkFromSourceTee:[00m  : Releasing requested source pad '0x41574120' for GstNodetr 'egl-sink'
0:00:11.506549269 [336m219221[00m     0x40bf8120 [36mINFO   [00m [00m                 DSL src/DslServicesSink.cpp:191:_sinkWindowUnregister:[00m  : Unregistering Window-Sink 'egl-sink'
0:00:11.506899355 [336m219221[00m     0x40bf8120 [36mINFO   [00m [00m                 DSL src/DslServicesPipeline.cpp:1019:PipelineStop:[00m  : Pipeline 'pipeline' transitioned to a state of NULL successfully
0:00:11.507079358 [336m219221[00m     0x40bf8120 [36mINFO   [00m [00m                 DSL src/DslServices.cpp:81:dsl_main_loop_quit:[00m  : ---------- quiting main-loop --------------
0:00:11.507304514 [336m219221[00m     0x40beaef0 [36mINFO   [00m [00m                 DSL src/DslServices.cpp:258:ReturnValueToString:[00m  : Result = 0 = DSL_RESULT_SUCCESS
0:00:11.509917584 [336m219221[00m     0x40beaef0 [36mINFO   [00m [00m                 DSL src/DslServicesPipeline.cpp:96:PipelineDeleteAll:[00m  : All Pipelines deleted successfully
0:00:11.558302142 [336m219221[00m     0x40beaef0 [36mINFO   [00m [00m                 DSL src/DslServicesComponent.cpp:76:ComponentDeleteAll:[00m  : All Components deleted successfully
